0 info it worked if it ends with ok
1 verbose cli [ '/home/aakhmerov/.nvm/versions/node/v6.0.0/bin/node',
1 verbose cli   '/home/aakhmerov/.nvm/versions/node/v6.0.0/bin/npm',
1 verbose cli   'start' ]
2 info using npm@3.8.6
3 info using node@v6.0.0
4 verbose run-script [ 'prestart', 'start', 'poststart' ]
5 info lifecycle slack@1.0.0~prestart: slack@1.0.0
6 silly lifecycle slack@1.0.0~prestart: no script for prestart, continuing
7 info lifecycle slack@1.0.0~start: slack@1.0.0
8 verbose lifecycle slack@1.0.0~start: unsafe-perm in lifecycle true
9 verbose lifecycle slack@1.0.0~start: PATH: /home/aakhmerov/.nvm/versions/node/v6.0.0/lib/node_modules/npm/bin/node-gyp-bin:/home/aakhmerov/work/personal/dev/tum-16/slack/node_modules/.bin:/home/aakhmerov/.nvm/versions/node/v6.0.0/bin:/home/aakhmerov/.nvm/versions/node/v6.0.0/bin:/home/aakhmerov/programs/apache-maven-3.3.9/bin:/usr/local/sbin:/usr/local/bin:/usr/sbin:/usr/bin:/sbin:/bin:/usr/games:/usr/local/games:/snap/bin:/usr/lib/jvm/java-7-oracle/bin:/usr/lib/jvm/java-7-oracle/db/bin:/usr/lib/jvm/java-7-oracle/jre/bin
10 verbose lifecycle slack@1.0.0~start: CWD: /home/aakhmerov/work/personal/dev/tum-16/slack
11 silly lifecycle slack@1.0.0~start: Args: [ '-c', 'node index.js' ]
12 silly lifecycle slack@1.0.0~start: Returned: code: 1  signal: null
13 info lifecycle slack@1.0.0~start: Failed to exec start script
14 verbose stack Error: slack@1.0.0 start: `node index.js`
14 verbose stack Exit status 1
14 verbose stack     at EventEmitter.<anonymous> (/home/aakhmerov/.nvm/versions/node/v6.0.0/lib/node_modules/npm/lib/utils/lifecycle.js:239:16)
14 verbose stack     at emitTwo (events.js:106:13)
14 verbose stack     at EventEmitter.emit (events.js:191:7)
14 verbose stack     at ChildProcess.<anonymous> (/home/aakhmerov/.nvm/versions/node/v6.0.0/lib/node_modules/npm/lib/utils/spawn.js:24:14)
14 verbose stack     at emitTwo (events.js:106:13)
14 verbose stack     at ChildProcess.emit (events.js:191:7)
14 verbose stack     at maybeClose (internal/child_process.js:850:16)
14 verbose stack     at Process.ChildProcess._handle.onexit (internal/child_process.js:215:5)
15 verbose pkgid slack@1.0.0
16 verbose cwd /home/aakhmerov/work/personal/dev/tum-16/slack
17 error Linux 4.6.0-040600-generic
18 error argv "/home/aakhmerov/.nvm/versions/node/v6.0.0/bin/node" "/home/aakhmerov/.nvm/versions/node/v6.0.0/bin/npm" "start"
19 error node v6.0.0
20 error npm  v3.8.6
21 error code ELIFECYCLE
22 error slack@1.0.0 start: `node index.js`
22 error Exit status 1
23 error Failed at the slack@1.0.0 start script 'node index.js'.
23 error Make sure you have the latest version of node.js and npm installed.
23 error If you do, this is most likely a problem with the slack package,
23 error not with npm itself.
23 error Tell the author that this fails on your system:
23 error     node index.js
23 error You can get information on how to open an issue for this project with:
23 error     npm bugs slack
23 error Or if that isn't available, you can get their info via:
23 error     npm owner ls slack
23 error There is likely additional logging output above.
24 verbose exit [ 1, true ]
